<?xml version="1.0" encoding="UTF-8"?>
<!-- Generated by org.testng.reporters.JUnitReportReporter -->
<testsuite hostname="LAPTOP-9J15PCB5" failures="0" tests="8" name="testcases.IciciPru" time="53.437" errors="0" timestamp="2025-09-12T15:15:21 IST" skipped="0">
  <testcase classname="testcases.IciciPru" name="validateHomePageTitle" time="0.665"/>
  <testcase classname="testcases.IciciPru" name="validateHomePageTitle" time="9.310"/>
  <testcase classname="testcases.IciciPru" name="validaeTermInsuranceMenu" time="1.918"/>
  <testcase classname="testcases.IciciPru" name="validaeTermInsuranceMenu" time="14.860"/>
  <testcase classname="testcases.IciciPru" name="validaeNRIPlansMenu" time="1.620"/>
  <testcase classname="testcases.IciciPru" name="validaeNRIPlansMenu" time="3.263"/>
  <testcase classname="testcases.IciciPru" name="validaeLogin" time="8.995"/>
  <testcase classname="testcases.IciciPru" name="validaeLogin" time="12.806"/>
</testsuite> <!-- testcases.IciciPru -->
