<?xml version="1.0" encoding="UTF-8"?>
<!-- Generated by org.testng.reporters.JUnitReportReporter -->
<testsuite hostname="LAPTOP-9J15PCB5" failures="0" tests="8" name="testcases.IciciPru" time="20.886" errors="0" timestamp="2025-09-18T17:38:29 IST" skipped="0">
  <testcase classname="testcases.IciciPru" name="validateHomePageTitle" time="0.138"/>
  <testcase classname="testcases.IciciPru" name="validateHomePageTitle" time="0.735"/>
  <testcase classname="testcases.IciciPru" name="validaeTermInsuranceMenu" time="2.960"/>
  <testcase classname="testcases.IciciPru" name="validaeTermInsuranceMenu" time="3.083"/>
  <testcase classname="testcases.IciciPru" name="validaeNRIPlansMenu" time="1.003"/>
  <testcase classname="testcases.IciciPru" name="validaeNRIPlansMenu" time="2.166"/>
  <testcase classname="testcases.IciciPru" name="validaeLogin" time="5.403"/>
  <testcase classname="testcases.IciciPru" name="validaeLogin" time="5.398"/>
</testsuite> <!-- testcases.IciciPru -->
